;;; 
Export: Release 11.2.0.2.0 - Production on Вс Май 12 23:16:51 2019

Copyright (c) 1982, 2009, Oracle and/or its affiliates.  All rights reserved.
;;; 
Connected to: Oracle Database 11g Express Edition Release 11.2.0.2.0 - 64bit Production
Starting "SYS"."SYS_EXPORT_SCHEMA_01":  "SYS/********@XE AS SYSDBA" PARFILE='C:\oraclexe\app\oracle\admin\XE\dpdump\exp_20190512.dat' 
Estimate in progress using BLOCKS method...
Processing object type SCHEMA_EXPORT/TABLE/TABLE_DATA
Total estimation using BLOCKS method: 640 KB
Processing object type SCHEMA_EXPORT/USER
Processing object type SCHEMA_EXPORT/SYSTEM_GRANT
Processing object type SCHEMA_EXPORT/ROLE_GRANT
Processing object type SCHEMA_EXPORT/DEFAULT_ROLE
Processing object type SCHEMA_EXPORT/TABLESPACE_QUOTA
Processing object type SCHEMA_EXPORT/PRE_SCHEMA/PROCACT_SCHEMA
Processing object type SCHEMA_EXPORT/SEQUENCE/SEQUENCE
Processing object type SCHEMA_EXPORT/TABLE/TABLE
Processing object type SCHEMA_EXPORT/TABLE/INDEX/INDEX
Processing object type SCHEMA_EXPORT/TABLE/CONSTRAINT/CONSTRAINT
Processing object type SCHEMA_EXPORT/TABLE/INDEX/STATISTICS/INDEX_STATISTICS
Processing object type SCHEMA_EXPORT/TABLE/CONSTRAINT/REF_CONSTRAINT
Processing object type SCHEMA_EXPORT/TABLE/TRIGGER
Processing object type SCHEMA_EXPORT/TABLE/STATISTICS/TABLE_STATISTICS
. . exported "SPRINGAPP"."PRODUCTS"                      92.60 KB    1150 rows
. . exported "SPRINGAPP"."CATEGORIES"                    11.18 KB     102 rows
. . exported "SPRINGAPP"."ORDER_ADDRESSES"                10.5 KB      19 rows
. . exported "SPRINGAPP"."ORDER_DETAILS"                 8.148 KB      42 rows
. . exported "SPRINGAPP"."ORDERS"                        9.156 KB      20 rows
. . exported "SPRINGAPP"."ROLES"                         5.937 KB       4 rows
. . exported "SPRINGAPP"."USER_ADDRESSES"                8.148 KB       3 rows
. . exported "SPRINGAPP"."USERS"                         9.195 KB       4 rows
. . exported "SPRINGAPP"."USER_TOKENS"                   10.73 KB      12 rows
. . exported "SPRINGAPP"."ORDER_PAYMENTS"                    0 KB       0 rows
. . exported "SPRINGAPP"."SPRING_SESSION"                    0 KB       0 rows
. . exported "SPRINGAPP"."SPRING_SESSION_ATTRIBUTES"         0 KB       0 rows
Master table "SYS"."SYS_EXPORT_SCHEMA_01" successfully loaded/unloaded
******************************************************************************
Dump file set for SYS.SYS_EXPORT_SCHEMA_01 is:
  C:\ORACLEXE\APP\ORACLE\ADMIN\XE\DPDUMP\20190512.DMP
Job "SYS"."SYS_EXPORT_SCHEMA_01" successfully completed at 23:17:42
