;;; 
Export: Release 11.2.0.2.0 - Production on Сб Фев 23 17:12:33 2019

Copyright (c) 1982, 2009, Oracle and/or its affiliates.  All rights reserved.
;;; 
Connected to: Oracle Database 11g Express Edition Release 11.2.0.2.0 - 64bit Production
Starting "SYS"."SYS_EXPORT_SCHEMA_01":  "SYS/********@XE AS SYSDBA" PARFILE='exp_spring_dtpmp.dat' 
Estimate in progress using BLOCKS method...
Processing object type SCHEMA_EXPORT/TABLE/TABLE_DATA
Total estimation using BLOCKS method: 256 KB
Processing object type SCHEMA_EXPORT/USER
Processing object type SCHEMA_EXPORT/SYSTEM_GRANT
Processing object type SCHEMA_EXPORT/ROLE_GRANT
Processing object type SCHEMA_EXPORT/DEFAULT_ROLE
Processing object type SCHEMA_EXPORT/TABLESPACE_QUOTA
Processing object type SCHEMA_EXPORT/PRE_SCHEMA/PROCACT_SCHEMA
Processing object type SCHEMA_EXPORT/SEQUENCE/SEQUENCE
Processing object type SCHEMA_EXPORT/TABLE/TABLE
Processing object type SCHEMA_EXPORT/TABLE/INDEX/INDEX
Processing object type SCHEMA_EXPORT/TABLE/CONSTRAINT/CONSTRAINT
Processing object type SCHEMA_EXPORT/TABLE/INDEX/STATISTICS/INDEX_STATISTICS
Processing object type SCHEMA_EXPORT/TABLE/CONSTRAINT/REF_CONSTRAINT
Processing object type SCHEMA_EXPORT/TABLE/TRIGGER
Processing object type SCHEMA_EXPORT/TABLE/STATISTICS/TABLE_STATISTICS
. . exported "SPRINGAPP"."PRODUCTS"                      91.85 KB    1150 rows
. . exported "SPRINGAPP"."CATEGORIES"                    10.57 KB     102 rows
. . exported "SPRINGAPP"."SPRING_SESSION"                7.757 KB       1 rows
. . exported "SPRINGAPP"."ORDER_DETAILS"                     0 KB       0 rows
. . exported "SPRINGAPP"."ORDERS"                            0 KB       0 rows
. . exported "SPRINGAPP"."SPRING_SESSION_ATTRIBUTES"         0 KB       0 rows
. . exported "SPRINGAPP"."USERS"                             0 KB       0 rows
Master table "SYS"."SYS_EXPORT_SCHEMA_01" successfully loaded/unloaded
******************************************************************************
Dump file set for SYS.SYS_EXPORT_SCHEMA_01 is:
  C:\ORACLEXE\APP\ORACLE\ADMIN\XE\DPDUMP\SPRING_DTPMP.DMP
Job "SYS"."SYS_EXPORT_SCHEMA_01" successfully completed at 17:13:14
