
Connected to: Oracle Database 11g Express Edition Release 11.2.0.2.0 - 64bit Production
Export done in CL8MSWIN1251 character set and AL16UTF16 NCHAR character set
server uses AL32UTF8 character set (possible charset conversion)

About to export specified users ...
. exporting pre-schema procedural objects and actions
. exporting foreign function library names for user SPRINGAPP 
. exporting PUBLIC type synonyms
. exporting private type synonyms
. exporting object type definitions for user SPRINGAPP 
About to export SPRINGAPP's objects ...
. exporting database links
. exporting sequence numbers
. exporting cluster definitions
. about to export SPRINGAPP's tables via Conventional Path ...
. . exporting table                       CATEGORY
.
                                                         1080 rows exported
EXP-00091: Exporting questionable statistics.
EXP-00091: Exporting questionable statistics.
. . exporting table                        PRODUCT
..................
                                                        18133 rows exported
EXP-00091: Exporting questionable statistics.
EXP-00091: Exporting questionable statistics.
. . exporting table                 SPRING_SESSION
                                                            1 rows exported
EXP-00091: Exporting questionable statistics.
EXP-00091: Exporting questionable statistics.
EXP-00091: Exporting questionable statistics.
. . exporting table      SPRING_SESSION_ATTRIBUTES
                                                            0 rows exported
. . exporting table                           TEST
                                                           24 rows exported
EXP-00091: Exporting questionable statistics.
EXP-00091: Exporting questionable statistics.
. exporting synonyms
. exporting views
. exporting stored procedures
. exporting operators
. exporting referential integrity constraints
. exporting triggers
. exporting indextypes
. exporting bitmap, functional and extensible indexes
. exporting posttables actions
. exporting materialized views
. exporting snapshot logs
. exporting job queues
. exporting refresh groups and children
. exporting dimensions
. exporting post-schema procedural objects and actions
. exporting statistics
Export terminated successfully with warnings.
