
Connected to: Oracle Database 11g Express Edition Release 11.2.0.2.0 - Production

Export file created by EXPORT:V11.02.00 via conventional path

Warning: the objects were exported by DB, not by you

import done in CL8MSWIN1251 character set and AL16UTF16 NCHAR character set
import server uses AL32UTF8 character set (possible charset conversion)
. importing DB's objects into SPRINGAPP
. . importing table                     "CATEGORY"
.
                                                         1080 rows imported
. . importing table                      "PRODUCT"
..................
                                                        18133 rows imported
. . importing table               "SPRING_SESSION"
                                                            1 rows imported
. . importing table    "SPRING_SESSION_ATTRIBUTES"
                                                            0 rows imported
. . importing table                         "TEST"
                                                           23 rows imported
IMP-00041: Warning: object created with compilation warnings
 "CREATE TRIGGER "SPRINGAPP".test_seq_tr "
 "BEFORE INSERT ON test "
 "FOR EACH ROW"
 ""
 "BEGIN"
 "  SELECT test_seq.NEXTVAL"
 "  INTO   :new.id"
 "  FROM   dual;"
 "END; "
About to enable constraints...
Import terminated successfully with warnings.
