
Connected to: Oracle Database 11g Express Edition Release 11.2.0.2.0 - Production

Export file created by EXPORT:V11.02.00 via conventional path
import done in CL8MSWIN1251 character set and AL16UTF16 NCHAR character set
import server uses AL32UTF8 character set (possible charset conversion)
. importing SYS's objects into SYS
. importing SPRINGAPP's objects into SPRINGAPP
. . importing table                     "CATEGORY"
.
                                                         1080 rows imported
. . importing table                      "PRODUCT"
..................
                                                        18133 rows imported
. . importing table               "SPRING_SESSION"
                                                            1 rows imported
. . importing table    "SPRING_SESSION_ATTRIBUTES"
                                                            0 rows imported
. . importing table                         "TEST"
IMP-00019: row rejected due to ORACLE error 1
IMP-00003: ORACLE error 1 encountered
ORA-00001: unique constraint (SPRINGAPP.SYS_C007086) violated
Column 1 58
Column 2 Заработало!!!
Column 3 03.02.19 13:02:23,898000000
Column 4 0
IMP-00019: row rejected due to ORACLE error 1
IMP-00003: ORACLE error 1 encountered
ORA-00001: unique constraint (SPRINGAPP.SYS_C007086) violated
Column 1 34
Column 2 Start the moral preparation for the speedy executi...
Column 3 03.02.19 12:15:00,350000000
Column 4 0
IMP-00019: row rejected due to ORACLE error 1
IMP-00003: ORACLE error 1 encountered
ORA-00001: unique constraint (SPRINGAPP.SYS_C007086) violated
Column 1 35
Column 2 Pay attention to China Mieville creativity. Recomm...
Column 3 03.02.19 12:15:00,396000000
Column 4 0
IMP-00019: row rejected due to ORACLE error 1
IMP-00003: ORACLE error 1 encountered
ORA-00001: unique constraint (SPRINGAPP.SYS_C007086) violated
Column 1 36
Column 2 Continue to maintain the physical form in the powe...
Column 3 03.02.19 12:15:00,436000000
Column 4 0
IMP-00019: row rejected due to ORACLE error 1
IMP-00003: ORACLE error 1 encountered
ORA-00001: unique constraint (SPRINGAPP.SYS_C007086) violated
Column 1 37
Column 2 Look in the pet shop and buy tablets for the dog
Column 3 03.02.19 12:15:00,476000000
Column 4 1
IMP-00019: row rejected due to ORACLE error 1
IMP-00003: ORACLE error 1 encountered
ORA-00001: unique constraint (SPRINGAPP.SYS_C007086) violated
Column 1 38
Column 2 The sister asked to look into the bookstore and ch...
Column 3 03.02.19 12:15:00,517000000
Column 4 0
IMP-00019: row rejected due to ORACLE error 1
IMP-00003: ORACLE error 1 encountered
ORA-00001: unique constraint (SPRINGAPP.SYS_C007086) violated
Column 1 39
Column 2 Alas. Absolutely do not understand anything in the...
Column 3 03.02.19 12:15:00,557000000
Column 4 0
IMP-00019: row rejected due to ORACLE error 1
IMP-00003: ORACLE error 1 encountered
ORA-00001: unique constraint (SPRINGAPP.SYS_C007086) violated
Column 1 40
Column 2 Still do not understand anything. Pretty hard
Column 3 03.02.19 12:15:00,598000000
Column 4 0
IMP-00019: row rejected due to ORACLE error 1
IMP-00003: ORACLE error 1 encountered
ORA-00001: unique constraint (SPRINGAPP.SYS_C007086) violated
Column 1 41
Column 2 Maybe pay attention to Spring Boot? Looks interest...
Column 3 03.02.19 12:15:00,641000000
Column 4 0
IMP-00019: row rejected due to ORACLE error 1
IMP-00003: ORACLE error 1 encountered
ORA-00001: unique constraint (SPRINGAPP.SYS_C007086) violated
Column 1 42
Column 2 It remains to determine the visualization. Wide ch...
Column 3 03.02.19 12:15:00,685000000
Column 4 1
IMP-00019: row rejected due to ORACLE error 1
IMP-00003: ORACLE error 1 encountered
ORA-00001: unique constraint (SPRINGAPP.SYS_C007086) violated
Column 1 43
Column 2 Explore the details of entry in html
Column 3 03.02.19 12:15:00,728000000
Column 4 0
IMP-00019: row rejected due to ORACLE error 1
IMP-00003: ORACLE error 1 encountered
ORA-00001: unique constraint (SPRINGAPP.SYS_C007086) violated
Column 1 44
Column 2 Try to create the first program to display
Column 3 03.02.19 12:15:00,771000000
Column 4 0
IMP-00019: row rejected due to ORACLE error 1
IMP-00003: ORACLE error 1 encountered
ORA-00001: unique constraint (SPRINGAPP.SYS_C007086) violated
Column 1 45
Column 2 Error. I continue to understand nothing. Need to l...
Column 3 03.02.19 12:15:00,814000000
Column 4 1
IMP-00019: row rejected due to ORACLE error 1
IMP-00003: ORACLE error 1 encountered
ORA-00001: unique constraint (SPRINGAPP.SYS_C007086) violated
Column 1 46
Column 2 More documentation to the god of documentation! Th...
Column 3 03.02.19 12:15:00,859000000
Column 4 0
IMP-00019: row rejected due to ORACLE error 1
IMP-00003: ORACLE error 1 encountered
ORA-00001: unique constraint (SPRINGAPP.SYS_C007086) violated
Column 1 47
Column 2 Begins to work out. Difficult, but it becomes more...
Column 3 03.02.19 12:15:00,902000000
Column 4 0
IMP-00019: row rejected due to ORACLE error 1
IMP-00003: ORACLE error 1 encountered
ORA-00001: unique constraint (SPRINGAPP.SYS_C007086) violated
Column 1 48
Column 2 Explore the intricacies of the Thymeleaf syntax fo...
Column 3 03.02.19 12:15:00,946000000
Column 4 0
IMP-00019: row rejected due to ORACLE error 1
IMP-00003: ORACLE error 1 encountered
ORA-00001: unique constraint (SPRINGAPP.SYS_C007086) violated
Column 1 49
Column 2 Problems with displaying the table. I need to test...
Column 3 03.02.19 12:15:00,989000000
Column 4 0
IMP-00019: row rejected due to ORACLE error 1
IMP-00003: ORACLE error 1 encountered
ORA-00001: unique constraint (SPRINGAPP.SYS_C007086) violated
Column 1 50
Column 2 It turns out. It's crooked, but it works. It is ne...
Column 3 03.02.19 12:15:01,033000000
Column 4 1
IMP-00019: row rejected due to ORACLE error 1
IMP-00003: ORACLE error 1 encountered
ORA-00001: unique constraint (SPRINGAPP.SYS_C007086) violated
Column 1 51
Column 2 It is necessary to raise information about reading...
Column 3 03.02.19 12:15:01,079000000
Column 4 0
IMP-00019: row rejected due to ORACLE error 1
IMP-00003: ORACLE error 1 encountered
ORA-00001: unique constraint (SPRINGAPP.SYS_C007086) violated
Column 1 52
Column 2 Может быть, попытаться добавить стилизацию?
Column 3 03.02.19 12:15:01,120000000
Column 4 0
IMP-00019: row rejected due to ORACLE error 1
IMP-00003: ORACLE error 1 encountered
ORA-00001: unique constraint (SPRINGAPP.SYS_C007086) violated
Column 1 53
Column 2 Да! Действительно работает. Мне нужно добавить фил...
Column 3 03.02.19 12:15:01,160000000
Column 4 0
IMP-00019: row rejected due to ORACLE error 1
IMP-00003: ORACLE error 1 encountered
ORA-00001: unique constraint (SPRINGAPP.SYS_C007086) violated
Column 1 54
Column 2 Проблемы с сортировкой даты. Надо понимать
Column 3 03.02.19 12:15:01,201000000
Column 4 0
IMP-00019: row rejected due to ORACLE error 1
IMP-00003: ORACLE error 1 encountered
ORA-00001: unique constraint (SPRINGAPP.SYS_C007086) violated
Column 1 55
Column 2 Готово. Осталось только проверить на ошибки
Column 3 03.02.19 12:15:01,239000000
Column 4 0
IMP-00019: row rejected due to ORACLE error 1
IMP-00003: ORACLE error 1 encountered
ORA-00001: unique constraint (SPRINGAPP.SYS_C007086) violated
Column 1 56
Column 2 И снова добавлю стилизованную красотку
Column 3 03.02.19 12:15:01,277000000
Column 4 0
                                                            0 rows imported
IMP-00017: following statement failed with ORACLE error 20000:
 "BEGIN  DBMS_STATS.SET_INDEX_STATS(NULL,'"TEST_PK"',NULL,NULL,NULL,24,1,24,1"
 ",1,1,0,6); END;"
IMP-00003: ORACLE error 20000 encountered
ORA-20000: INDEX "SPRINGAPP"."TEST_PK" does not exist or insufficient privileges
ORA-06512: at "SYS.DBMS_STATS", line 4455
ORA-06512: at "SYS.DBMS_STATS", line 9464
ORA-06512: at line 1
About to enable constraints...
Import terminated successfully with warnings.
